<?xml version="1.0" encoding="utf-8"?><testsuites><testsuite name="pytest" errors="0" failures="0" skipped="2" tests="83" time="5.814" timestamp="2026-03-18T20:24:53.277579+00:00" hostname="d0181df21955"><testcase classname="test_correctness_buffer" name="test_experience_table_push_count[1]" time="0.520" /><testcase classname="test_correctness_buffer" name="test_experience_table_push_count[100]" time="0.001" /><testcase classname="test_correctness_buffer" name="test_experience_table_push_count[1000]" time="0.002" /><testcase classname="test_correctness_buffer" name="test_replay_buffer_push_count[1]" time="0.000" /><testcase classname="test_correctness_buffer" name="test_replay_buffer_push_count[50]" time="0.000" /><testcase classname="test_correctness_buffer" name="test_replay_buffer_push_count[500]" time="0.001" /><testcase classname="test_correctness_buffer" name="test_replay_buffer_sample_is_subset" time="0.001" /><testcase classname="test_correctness_buffer" name="test_replay_buffer_ring_overwrites_oldest" time="0.000" /><testcase classname="test_correctness_buffer" name="test_priority_buffer_samples_according_to_priorities" time="0.000"><skipped type="pytest.skip" message="PriorityReplayBuffer not available in rlox">/workspace/experiments/test_correctness_buffer.py:155: PriorityReplayBuffer not available in rlox</skipped></testcase><testcase classname="test_correctness_buffer" name="test_replay_buffer_field_alignment" time="0.000" /><testcase classname="test_correctness_buffer" name="test_replay_buffer_sample_determinism" time="0.007" /><testcase classname="test_correctness_buffer" name="test_replay_buffer_different_seeds_different_samples" time="0.001" /><testcase classname="test_correctness_buffer" name="test_replay_buffer_sample_distribution_matches_sb3" time="0.268" /><testcase classname="test_correctness_e2e" name="test_rollout_cartpole_rewards_in_expected_range" time="0.002" /><testcase classname="test_correctness_e2e" name="test_rollout_gae_produces_finite_advantages" time="0.006" /><testcase classname="test_correctness_e2e" name="test_rollout_returns_consistent_with_rewards" time="0.000" /><testcase classname="test_correctness_e2e" name="test_rollout_identity_returns_equals_advantages_plus_values" time="0.005" /><testcase classname="test_correctness_e2e" name="test_rollout_gae_matches_reference_end_to_end" time="0.003" /><testcase classname="test_correctness_e2e" name="test_ppo_training_step_loss_decreases" time="1.084" /><testcase classname="test_correctness_e2e" name="test_sac_qvalues_are_finite" time="3.759"><skipped type="pytest.skip" message="Could not access SAC Q-network internals">/workspace/experiments/test_correctness_e2e.py:276: Could not access SAC Q-network internals</skipped></testcase><testcase classname="test_correctness_env" name="test_cartpole_rlox_matches_gymnasium_trajectory" time="0.000" /><testcase classname="test_correctness_env" name="test_cartpole_reward_is_one_per_step" time="0.000" /><testcase classname="test_correctness_env" name="test_cartpole_reset_returns_valid_obs" time="0.000" /><testcase classname="test_correctness_env" name="test_vecenv_matches_independent_envs" time="0.002" /><testcase classname="test_correctness_env" name="test_vecenv_auto_reset_obs_is_fresh" time="0.000" /><testcase classname="test_correctness_env" name="test_vecenv_step_returns_obs_for_all_envs" time="0.000" /><testcase classname="test_correctness_env" name="test_gymenv_bridge_matches_raw_gymnasium" time="0.002" /><testcase classname="test_correctness_env" name="test_cartpole_same_seed_identical_rollouts" time="0.000" /><testcase classname="test_correctness_env" name="test_vecenv_same_seed_identical_rollouts" time="0.003" /><testcase classname="test_correctness_gae" name="test_gae_matches_reference_numpy[128]" time="0.001" /><testcase classname="test_correctness_gae" name="test_gae_matches_reference_numpy[2048]" time="0.001" /><testcase classname="test_correctness_gae" name="test_gae_matches_reference_numpy[32768]" time="0.012" /><testcase classname="test_correctness_gae" name="test_gae_matches_reference_various_hyperparams[0.99-0.95]" time="0.001" /><testcase classname="test_correctness_gae" name="test_gae_matches_reference_various_hyperparams[0.95-0.9]" time="0.001" /><testcase classname="test_correctness_gae" name="test_gae_matches_reference_various_hyperparams[1.0-1.0]" time="0.001" /><testcase classname="test_correctness_gae" name="test_gae_matches_reference_various_hyperparams[0.5-0.5]" time="0.001" /><testcase classname="test_correctness_gae" name="test_gae_episode_boundary_at_midpoint" time="0.000" /><testcase classname="test_correctness_gae" name="test_gae_episode_boundary_at_first_step" time="0.000" /><testcase classname="test_correctness_gae" name="test_gae_all_episodes_terminated" time="0.000" /><testcase classname="test_correctness_gae" name="test_gae_multiple_episode_boundaries" time="0.000" /><testcase classname="test_correctness_gae" name="test_gae_all_zeros" time="0.000" /><testcase classname="test_correctness_gae" name="test_gae_all_ones" time="0.000" /><testcase classname="test_correctness_gae" name="test_gae_negative_rewards" time="0.001" /><testcase classname="test_correctness_gae" name="test_gae_large_values_no_overflow" time="0.000" /><testcase classname="test_correctness_gae" name="test_gae_single_step" time="0.000" /><testcase classname="test_correctness_gae" name="test_gae_output_shapes[1]" time="0.000" /><testcase classname="test_correctness_gae" name="test_gae_output_shapes[7]" time="0.000" /><testcase classname="test_correctness_gae" name="test_gae_output_shapes[128]" time="0.000" /><testcase classname="test_correctness_gae" name="test_gae_output_shapes[1000]" time="0.000" /><testcase classname="test_correctness_gae" name="test_gae_returns_equals_advantages_plus_values" time="0.000" /><testcase classname="test_correctness_gae" name="test_gae_deterministic" time="0.001" /><testcase classname="test_correctness_gae" name="test_gae_matches_sb3" time="0.002" /><testcase classname="test_correctness_gae" name="test_gae_no_nan_inf_for_extreme_inputs" time="0.000" /><testcase classname="test_correctness_gae" name="test_gae_no_nan_uniform_rewards" time="0.000" /><testcase classname="test_correctness_llm_ops" name="test_grpo_matches_numpy_reference[1-4]" time="0.000" /><testcase classname="test_correctness_llm_ops" name="test_grpo_matches_numpy_reference[16-4]" time="0.001" /><testcase classname="test_correctness_llm_ops" name="test_grpo_matches_numpy_reference[64-8]" time="0.002" /><testcase classname="test_correctness_llm_ops" name="test_grpo_matches_numpy_reference[256-16]" time="0.008" /><testcase classname="test_correctness_llm_ops" name="test_grpo_output_is_normalized" time="0.000" /><testcase classname="test_correctness_llm_ops" name="test_token_kl_matches_numpy_reference[8]" time="0.000" /><testcase classname="test_correctness_llm_ops" name="test_token_kl_matches_numpy_reference[128]" time="0.000" /><testcase classname="test_correctness_llm_ops" name="test_token_kl_matches_numpy_reference[512]" time="0.000" /><testcase classname="test_correctness_llm_ops" name="test_token_kl_matches_numpy_reference[2048]" time="0.000" /><testcase classname="test_correctness_llm_ops" name="test_token_kl_matches_numpy_reference[8192]" time="0.000" /><testcase classname="test_correctness_llm_ops" name="test_token_kl_non_negative_for_valid_distributions" time="0.000" /><testcase classname="test_correctness_llm_ops" name="test_token_kl_zero_for_identical_distributions" time="0.000" /><testcase classname="test_correctness_llm_ops" name="test_grpo_group_sizes[2]" time="0.000" /><testcase classname="test_correctness_llm_ops" name="test_grpo_group_sizes[4]" time="0.000" /><testcase classname="test_correctness_llm_ops" name="test_grpo_group_sizes[8]" time="0.000" /><testcase classname="test_correctness_llm_ops" name="test_grpo_group_sizes[16]" time="0.000" /><testcase classname="test_correctness_llm_ops" name="test_grpo_output_shape_matches_input" time="0.000" /><testcase classname="test_correctness_llm_ops" name="test_token_kl_various_lengths[1]" time="0.000" /><testcase classname="test_correctness_llm_ops" name="test_token_kl_various_lengths[16]" time="0.000" /><testcase classname="test_correctness_llm_ops" name="test_token_kl_various_lengths[256]" time="0.000" /><testcase classname="test_correctness_llm_ops" name="test_token_kl_various_lengths[4096]" time="0.000" /><testcase classname="test_correctness_llm_ops" name="test_grpo_uniform_rewards" time="0.000" /><testcase classname="test_correctness_llm_ops" name="test_grpo_single_completion" time="0.000" /><testcase classname="test_correctness_llm_ops" name="test_grpo_two_equal_completions" time="0.000" /><testcase classname="test_correctness_llm_ops" name="test_grpo_very_long_group" time="0.000" /><testcase classname="test_correctness_llm_ops" name="test_token_kl_single_token" time="0.000" /><testcase classname="test_correctness_llm_ops" name="test_token_kl_no_nan_for_extreme_log_probs" time="0.000" /><testcase classname="test_correctness_llm_ops" name="test_grpo_deterministic" time="0.000" /><testcase classname="test_correctness_llm_ops" name="test_token_kl_deterministic" time="0.000" /></testsuite></testsuites>