<?xml version="1.0" encoding="utf-8"?><testsuites><testsuite name="pytest" errors="0" failures="5" skipped="0" tests="35" time="160.980" timestamp="2026-03-18T20:24:59.643748+00:00" hostname="d0181df21955"><testcase classname="test_ablation" name="test_full_rust_faster_than_partial[python_gae]" time="1.617"><failure message="AssertionError: full_rust (45001 SPS) should be faster than python_gae (45890 SPS)&#10;assert 45000.85145653345 &gt;= 45890.12890333026">test_ablation.py:199: in test_full_rust_faster_than_partial
    assert rust_result["sps_median"] &gt;= partial_result["sps_median"], (
E   AssertionError: full_rust (45001 SPS) should be faster than python_gae (45890 SPS)
E   assert 45000.85145653345 &gt;= 45890.12890333026</failure></testcase><testcase classname="test_ablation" name="test_full_rust_faster_than_partial[python_env]" time="0.868"><failure message="AssertionError: full_rust (46387 SPS) should be faster than python_env (161251 SPS)&#10;assert 46386.527975205805 &gt;= 161251.3863446135">test_ablation.py:199: in test_full_rust_faster_than_partial
    assert rust_result["sps_median"] &gt;= partial_result["sps_median"], (
E   AssertionError: full_rust (46387 SPS) should be faster than python_env (161251 SPS)
E   assert 46386.527975205805 &gt;= 161251.3863446135</failure></testcase><testcase classname="test_ablation" name="test_full_rust_faster_than_partial[all_python]" time="0.859"><failure message="AssertionError: full_rust (47793 SPS) should be faster than all_python (155027 SPS)&#10;assert 47792.959406467155 &gt;= 155027.21151423609">test_ablation.py:199: in test_full_rust_faster_than_partial
    assert rust_result["sps_median"] &gt;= partial_result["sps_median"], (
E   AssertionError: full_rust (47793 SPS) should be faster than all_python (155027 SPS)
E   assert 47792.959406467155 &gt;= 155027.21151423609</failure></testcase><testcase classname="test_ablation" name="test_single_component_replacement_slows_down" time="1.652"><failure message="AssertionError: Some component replacements did NOT slow down performance:&#10;  python_gae (46945) &gt;= full_rust (43540)&#10;  python_env (160350) &gt;= full_rust (43540)&#10;assert 2 == 0&#10; +  where 2 = len(['python_gae (46945) &gt;= full_rust (43540)', 'python_env (160350) &gt;= full_rust (43540)'])">test_ablation.py:242: in test_single_component_replacement_slows_down
    assert len(failures) == 0, (
E   AssertionError: Some component replacements did NOT slow down performance:
E     python_gae (46945) &gt;= full_rust (43540)
E     python_env (160350) &gt;= full_rust (43540)
E   assert 2 == 0
E    +  where 2 = len(['python_gae (46945) &gt;= full_rust (43540)', 'python_env (160350) &gt;= full_rust (43540)'])</failure></testcase><testcase classname="test_ablation" name="test_ablation_ranking_is_consistent" time="1.008"><failure message="AssertionError: full_rust (47569 SPS) should be faster than all_python (153725 SPS)&#10;assert 47568.86954567459 &gt;= 153724.52616917365">test_ablation.py:275: in test_ablation_ranking_is_consistent
    assert full_sps &gt;= ap_sps, (
E   AssertionError: full_rust (47569 SPS) should be faster than all_python (153725 SPS)
E   assert 47568.86954567459 &gt;= 153724.52616917365</failure></testcase><testcase classname="test_ablation" name="test_ablation_component_attribution" time="1.665" /><testcase classname="test_performance_components" name="test_gae_performance[128]" time="0.358" /><testcase classname="test_performance_components" name="test_gae_performance[512]" time="0.557" /><testcase classname="test_performance_components" name="test_gae_performance[2048]" time="1.651" /><testcase classname="test_performance_components" name="test_gae_performance[8192]" time="5.778" /><testcase classname="test_performance_components" name="test_gae_performance[32768]" time="22.109" /><testcase classname="test_performance_components" name="test_buffer_push_performance[4]" time="0.275" /><testcase classname="test_performance_components" name="test_buffer_push_performance[256]" time="0.333" /><testcase classname="test_performance_components" name="test_buffer_sample_performance[32]" time="0.518" /><testcase classname="test_performance_components" name="test_buffer_sample_performance[64]" time="0.528" /><testcase classname="test_performance_components" name="test_buffer_sample_performance[256]" time="0.520" /><testcase classname="test_performance_components" name="test_buffer_sample_performance[1024]" time="0.523" /><testcase classname="test_performance_components" name="test_env_stepping_performance[1]" time="0.269" /><testcase classname="test_performance_components" name="test_env_stepping_performance[4]" time="0.633" /><testcase classname="test_performance_components" name="test_env_stepping_performance[16]" time="2.861" /><testcase classname="test_performance_components" name="test_env_stepping_performance[64]" time="5.687" /><testcase classname="test_performance_components" name="test_env_stepping_performance[128]" time="7.750" /><testcase classname="test_performance_components" name="test_env_stepping_performance[256]" time="11.359" /><testcase classname="test_performance_components" name="test_env_stepping_performance[512]" time="18.021" /><testcase classname="test_performance_components" name="test_grpo_performance[16-4]" time="0.235" /><testcase classname="test_performance_components" name="test_grpo_performance[64-8]" time="0.277" /><testcase classname="test_performance_components" name="test_grpo_performance[256-16]" time="0.454" /><testcase classname="test_performance_components" name="test_token_kl_performance[128]" time="0.229" /><testcase classname="test_performance_components" name="test_token_kl_performance[512]" time="0.232" /><testcase classname="test_performance_components" name="test_token_kl_performance[2048]" time="0.229" /><testcase classname="test_performance_components" name="test_token_kl_performance[8192]" time="0.244" /><testcase classname="test_performance_e2e" name="test_rollout_e2e_performance[16x128]" time="1.012" /><testcase classname="test_performance_e2e" name="test_rollout_e2e_performance[64x512]" time="6.813" /><testcase classname="test_performance_e2e" name="test_rollout_e2e_performance[256x2048]" time="55.998" /><testcase classname="test_performance_e2e" name="test_ppo_training_throughput" time="7.761" /></testsuite></testsuites>